<?xml version="1.0" encoding="UTF-8"?>
<beans xmlns="http://www.springframework.org/schema/beans"
       xmlns:xsi="http://www.w3.org/2001/XMLSchema-instance"
       xmlns:context="http://www.springframework.org/schema/context"
       xsi:schemaLocation="http://www.springframework.org/schema/beans
        http://www.springframework.org/schema/beans/spring-beans-4.3.xsd
        http://www.springframework.org/schema/context
        http://www.springframework.org/schema/context/spring-context.xsd">
   <context:component-scan base-package="org.seckill.service" />

   <bean id="targetConnectionFactory" class="org.apache.activemq.ActiveMQConnectionFactory">
      <property name="brokerURL" value="tcp://localhost:61616"/>
   </bean>

   <!-- Spring用于管理真正的ConnectionFactory的ConnectionFactory -->
   <bean id="connectionFactory" class="org.springframework.jms.connection.SingleConnectionFactory">
      <property name="targetConnectionFactory" ref="targetConnectionFactory"/>
   </bean>

   <!-- Spring提供的JMS工具类，它可以进行消息发送、接收等 -->
   <bean id="jmsTemplate" class="org.springframework.jms.core.JmsTemplate">
      <property name="connectionFactory" ref="connectionFactory"/>
   </bean>
</beans>